<?xml version="1.0" encoding="UTF-8"?>
<testsuite name="CalculatorTest" tests="4" skipped="0" failures="0" errors="0" timestamp="2020-02-25T11:49:48" hostname="recruit-ThinkCentre-M73" time="0.003">
  <properties/>
  <testcase name="Testmultiplymorethantwo" classname="CalculatorTest" time="0.002"/>
  <testcase name="TestAddmorethentwo" classname="CalculatorTest" time="0.0"/>
  <testcase name="TestAdd" classname="CalculatorTest" time="0.0"/>
  <testcase name="Testmultiply" classname="CalculatorTest" time="0.0"/>
  <system-out><![CDATA[]]></system-out>
  <system-err><![CDATA[]]></system-err>
</testsuite>
